<?xml version="1.0" encoding="UTF-8"?>
<!-- Generated by org.testng.reporters.JUnitReportReporter -->
<testsuite skipped="0" hostname="KausikRoy" name="testNG_Autometion.HandlingFrames" tests="1" failures="0" timestamp="2020-02-04T16:23:38 CST" time="15.235" errors="0">
  <testcase name="handleframes" time="15.235" classname="testNG_Autometion.HandlingFrames"/>
</testsuite> <!-- testNG_Autometion.HandlingFrames -->
