<?xml version="1.0" encoding="UTF-8"?>
<!-- Generated by org.testng.reporters.JUnitReportReporter -->
<testsuite skipped="0" hostname="KausikRoy" name="testNG_Autometion.AddingNewCotactsAndValidating" tests="1" failures="0" timestamp="2020-02-06T09:36:30 CST" time="11.491" errors="0">
  <testcase name="addingAndValidatingNewCotact" time="11.491" classname="testNG_Autometion.AddingNewCotactsAndValidating"/>
</testsuite> <!-- testNG_Autometion.AddingNewCotactsAndValidating -->
