<?xml version="1.0" encoding="UTF-8"?>
<!-- Generated by org.testng.reporters.JUnitReportReporter -->
<testsuite skipped="0" hostname="KausikRoy" name="testNG_Autometion.HandlePopUps" tests="1" failures="0" timestamp="2020-02-04T12:17:15 CST" time="11.272" errors="0">
  <testcase name="handlePopUpAndframes" time="11.272" classname="testNG_Autometion.HandlePopUps"/>
</testsuite> <!-- testNG_Autometion.HandlePopUps -->
