<?xml version="1.0" encoding="UTF-8"?>
<!-- Generated by org.testng.reporters.JUnitReportReporter -->
<testsuite skipped="0" hostname="KausikRoy" name="testNG_Autometion.HoverOver" tests="1" failures="0" timestamp="2020-02-05T08:19:27 CST" time="14.179" errors="0">
  <testcase name="handleMouseOver" time="14.179" classname="testNG_Autometion.HoverOver"/>
</testsuite> <!-- testNG_Autometion.HoverOver -->
