<?xml version="1.0" encoding="UTF-8"?>
<!-- Generated by org.testng.reporters.JUnitReportReporter -->
<testsuite skipped="0" hostname="KausikRoy" name="testNG_Autometion.WindowHandle" tests="1" failures="0" timestamp="2020-02-05T18:39:34 CST" time="22.410" errors="0">
  <testcase name="searchXpathInYahoo" time="22.410" classname="testNG_Autometion.WindowHandle"/>
</testsuite> <!-- testNG_Autometion.WindowHandle -->
